<?xml version="1.0" encoding="UTF-8"?>
<testng-results ignored="0" total="1" passed="1" failed="0" skipped="0">
  <reporter-output>
  </reporter-output>
  <suite started-at="2025-07-12T01:50:17 IST" name="Suite" finished-at="2025-07-12T01:51:08 IST" duration-ms="50583">
    <groups>
    </groups>
    <test started-at="2025-07-12T01:50:17 IST" name="Test" finished-at="2025-07-12T01:51:08 IST" duration-ms="50583">
      <class name="tests.UpdateProfileTest">
        <test-method is-config="true" signature="loadFiles()[pri:0, instance:tests.UpdateProfileTest@3f191845]" started-at="2025-07-12T01:50:17 IST" name="loadFiles" finished-at="2025-07-12T01:50:18 IST" duration-ms="506" status="PASS">
          <reporter-output>
          </reporter-output>
        </test-method> <!-- loadFiles -->
        <test-method is-config="true" signature="setup(java.lang.reflect.Method)[pri:0, instance:tests.UpdateProfileTest@3f191845]" started-at="2025-07-12T01:50:18 IST" name="setup" finished-at="2025-07-12T01:50:22 IST" duration-ms="3881" status="PASS">
          <params>
            <param index="0">
              <value>
                <![CDATA[public void tests.UpdateProfileTest.updateHeadlineAndSearch()]]>
              </value>
            </param>
          </params>
          <reporter-output>
          </reporter-output>
        </test-method> <!-- setup -->
        <test-method signature="updateHeadlineAndSearch()[pri:0, instance:tests.UpdateProfileTest@3f191845]" started-at="2025-07-12T01:50:22 IST" name="updateHeadlineAndSearch" finished-at="2025-07-12T01:51:07 IST" duration-ms="45110" status="PASS">
          <reporter-output>
          </reporter-output>
        </test-method> <!-- updateHeadlineAndSearch -->
        <test-method is-config="true" signature="tearDown()[pri:0, instance:tests.UpdateProfileTest@3f191845]" started-at="2025-07-12T01:51:07 IST" name="tearDown" finished-at="2025-07-12T01:51:08 IST" duration-ms="1003" status="PASS">
          <reporter-output>
          </reporter-output>
        </test-method> <!-- tearDown -->
      </class> <!-- tests.UpdateProfileTest -->
    </test> <!-- Test -->
  </suite> <!-- Suite -->
</testng-results>
